  InputHandler.cpp
  UIHandler_Editor.cpp
  Entity_Lua.cpp
  Globals_Lua.cpp
  Player_Lua.cpp
  Spell_Lua.cpp
  EntityManager.cpp
  InputManager.cpp
  ResourceManager.cpp
  TextureManager.cpp
  UIManager.cpp
  Camera.cpp
  ComponentLoader.cpp
  MagicComponent.cpp
  PositionComponent.cpp
  SpellComponent.cpp
  SpriteComponent.cpp
  Entity.cpp
  Player.cpp
  Map.cpp
  Generating Code...
  Compiling...
  Text.cpp
  Editor.cpp
  Engine.cpp
  Environment.cpp
  Renderer.cpp
  WindowLoader.cpp
  Window.cpp
  Generating Code...
  5.24.vcxproj -> D:\Documents\Visual Studio 2017\Projects\5.24\Debug\5.24.exe
